0 info it worked if it ends with ok
1 verbose cli [ '/usr/local/Cellar/node/0.10.26/bin/node',
1 verbose cli   '/usr/local/bin/npm',
1 verbose cli   'install',
1 verbose cli   'urlencoded' ]
2 info using npm@1.4.3
3 info using node@v0.10.26
4 warn package.json heroku@0.0.0 No README data
5 verbose readDependencies using package.json deps
6 verbose cache add [ 'urlencoded', null ]
7 verbose cache add name=undefined spec="urlencoded" args=["urlencoded",null]
8 verbose parsed url { protocol: null,
8 verbose parsed url   slashes: null,
8 verbose parsed url   auth: null,
8 verbose parsed url   host: null,
8 verbose parsed url   port: null,
8 verbose parsed url   hostname: null,
8 verbose parsed url   hash: null,
8 verbose parsed url   search: null,
8 verbose parsed url   query: null,
8 verbose parsed url   pathname: 'urlencoded',
8 verbose parsed url   path: 'urlencoded',
8 verbose parsed url   href: 'urlencoded' }
9 silly lockFile b4dc94eb-urlencoded urlencoded
10 verbose lock urlencoded /Users/GArch/.npm/b4dc94eb-urlencoded.lock
11 silly lockFile b4dc94eb-urlencoded urlencoded
12 silly lockFile b4dc94eb-urlencoded urlencoded
13 verbose addNamed [ 'urlencoded', '' ]
14 verbose addNamed [ null, '*' ]
15 silly lockFile 930de895-urlencoded urlencoded@
16 verbose lock urlencoded@ /Users/GArch/.npm/930de895-urlencoded.lock
17 silly addNameRange { name: 'urlencoded', range: '*', hasData: false }
18 verbose url raw urlencoded
19 verbose url resolving [ 'https://registry.npmjs.org/', './urlencoded' ]
20 verbose url resolved https://registry.npmjs.org/urlencoded
21 info trying registry request attempt 1 at 17:05:41
22 http GET https://registry.npmjs.org/urlencoded
23 http 404 https://registry.npmjs.org/urlencoded
24 silly registry.get cb [ 404,
24 silly registry.get   { date: 'Sat, 12 Apr 2014 21:05:40 GMT',
24 silly registry.get     server: 'CouchDB/1.5.0 (Erlang OTP/R14B04)',
24 silly registry.get     'content-type': 'application/json',
24 silly registry.get     via: '1.1 varnish',
24 silly registry.get     'cache-control': 'max-age=0',
24 silly registry.get     'content-length': '52',
24 silly registry.get     'accept-ranges': 'bytes',
24 silly registry.get     age: '0',
24 silly registry.get     'x-served-by': 'cache-v41-ASH, cache-at50-ATL',
24 silly registry.get     'x-cache': 'MISS, MISS',
24 silly registry.get     'x-cache-hits': '0, 0',
24 silly registry.get     'x-timer': 'S1397336740.404274225,VS0,VS3,VE14,VE24',
24 silly registry.get     'keep-alive': 'timeout=10, max=50',
24 silly registry.get     connection: 'Keep-Alive' } ]
25 silly lockFile 930de895-urlencoded urlencoded@
26 silly lockFile 930de895-urlencoded urlencoded@
27 error 404 'urlencoded' is not in the npm registry.
27 error 404 You should bug the author to publish it
27 error 404 It was specified as a dependency of 'heroku'
27 error 404
27 error 404 Note that you can also install from a
27 error 404 tarball, folder, or http url, or git url.
28 error System Darwin 13.1.0
29 error command "/usr/local/Cellar/node/0.10.26/bin/node" "/usr/local/bin/npm" "install" "urlencoded"
30 error cwd /Users/GArch/Desktop/comp20/comp20-s2014-team18/heroku
31 error node -v v0.10.26
32 error npm -v 1.4.3
33 error code E404
34 verbose exit [ 1, true ]
